2026-03-03 14:41:41 | INFO     |                 |        |      | api.main:lifespan:247 | 🚀 Application starting (Full mode) | Log Level: DEBUG
2026-03-03 14:41:41 | INFO     |                 |        |      | api.main:lifespan:248 | 📝 Loguru configured with automatic rotation
2026-03-03 14:41:41 | INFO     |                 |        |      | api.main:lifespan:255 | ✅ Database initialized successfully
2026-03-03 14:41:41 | WARNING  |                 |        |      | api.main:lifespan:266 | ⚠️ Cache initialization failed: object InMemoryCache can't be used in 'await' expression
2026-03-03 14:41:41 | INFO     |                 |        |      | api.main:lifespan:271 | 📊 Initializing data collector service...
2026-03-03 14:41:41 | INFO     |                 |        |      | services.data_collector.realtime:initialize:318 | Inicializando serviço de coleta de dados...
2026-03-03 14:41:41 | INFO     |                 |        |      | services.data_collector.realtime:_load_historical_data_to_buffer:370 | Inicializando buffers de candles para coleta em tempo real...
2026-03-03 14:41:41 | INFO     |                 |        |      | services.data_collector.realtime:_load_historical_data_to_buffer:395 | [OK] Buffers inicializados para 0 ativos
2026-03-03 14:41:41 | INFO     |                 |        |      | services.data_collector.realtime:_load_monitoring_accounts_from_db:786 | SSID de PAYOUT carregado do banco de dados
2026-03-03 14:41:41 | INFO     |                 |        |      | services.data_collector.realtime:_load_monitoring_accounts_from_db:808 | 1 contas ATIVOS carregadas do banco de dados
2026-03-03 14:41:41 | DEBUG    |                 |        |      | core.database:get_db_context:241 | [DB] 4 queries executadas na sessão
2026-03-03 14:41:41 | INFO     |                 |        |      | services.data_collector.realtime:initialize:335 | [OK] SSID de PAYOUT encontrado: 42["auth",{"session":"3ukili81v4ej0epvv08fstd4oj",...
2026-03-03 14:41:41 | INFO     |                 |        |      | services.pocketoption.client:__init__:135 | Initialized PocketOption client (demo=True, uid=125379914, persistent=True)
2026-03-03 14:41:41 | INFO     |                 |        |      | services.data_collector.realtime:initialize:349 | [PAYOUT] [OK] Cliente PAYOUT inicializado
2026-03-03 14:41:41 | INFO     |                 |        |      | services.pocketoption.client:__init__:135 | Initialized PocketOption client (demo=True, uid=125602804, persistent=True)
2026-03-03 14:41:41 | SUCCESS  |                 |        |      | services.data_collector.realtime:initialize:366 | [MONITORAMENTO] [OK] 1 clientes ATIVOS inicializados
2026-03-03 14:41:41 | INFO     |                 |        |      | api.main:lifespan:273 | ✅ Data collector service initialized
2026-03-03 14:41:41 | INFO     |                 |        |      | services.data_collector.local_storage:_clear_actives_folder:67 | [OK] Pasta data\actives limpa
2026-03-03 14:41:41 | WARNING  |                 |        |      | services.data_collector.local_storage:_clear_actives_folder:76 | Aviso ao criar pasta: BaseEventLoop.run_in_executor() got an unexpected keyword argument 'exist_ok'
2026-03-03 14:41:41 | INFO     |                 |        |      | services.data_collector.local_storage:start:44 | [OK] Local Storage iniciado em data\actives (clear_on_start=True, max_ticks=10000)
2026-03-03 14:41:41 | INFO     |                 |        |      | services.batch_signal_saver:start:81 | [BATCH SAVER] Iniciado | interval=5.0s | max_batch=50
2026-03-03 14:41:41 | INFO     |                 |        |      | services.data_collector.realtime:start:417 | [BATCH SAVER] Sistema de salvamento em lote iniciado
2026-03-03 14:41:41 | INFO     |                 |        |      | services.trade_executor:start_monitoring:49 | Monitoramento de trades ativos iniciado (WebSocket events + fallback polling)
2026-03-03 14:41:41 | INFO     |                 |        |      | services.data_collector.connection_manager:start_monitoring:727 | Gerenciador de conexões iniciado
2026-03-03 14:41:41 | INFO     |                 |        |      | services.data_collector.connection_manager:_monitor_loop:777 | Loop de monitoramento de conexões iniciado
2026-03-03 14:41:41 | INFO     |                 |        |      | services.data_collector.connection_manager:_monitor_loop:782 | _is_running = True
2026-03-03 14:41:41 | INFO     |                 |        |      | services.data_collector.connection_manager:_monitor_loop:789 | Entrando no loop de monitoramento...
2026-03-03 14:41:41 | INFO     |                 |        |      | services.data_collector.connection_manager:_monitor_loop:795 | Dormindo por 5 segundos...
2026-03-03 14:41:42 | INFO     |                 |        |      | services.data_collector.realtime:start:428 | [OK] Verificador de manutenção iniciado
2026-03-03 14:41:42 | INFO     |                 |        |      | services.data_collector.realtime:start:433 | [MONITORAMENTO: PAYOUT] Iniciando conexão do cliente PAYOUT...
2026-03-03 14:41:42 | INFO     |                 |        |      | services.data_collector.realtime:start:435 | [MONITORAMENTO: PAYOUT] [OK] Cliente PAYOUT encontrado, tentando conectar...
2026-03-03 14:41:42 | DEBUG    |                 |        |      | services.pocketoption.client:connect:170 | Connecting to PocketOption...
2026-03-03 14:41:42 | DEBUG    |                 |        |      | services.pocketoption.client:_start_persistent_connection:276 | Starting persistent connection with automatic keep-alive...
2026-03-03 14:41:42 | DEBUG    |                 |        |      | services.pocketoption.keep_alive:__init__:69 | Initialized keep-alive manager with 2 available regions
2026-03-03 14:41:42 | DEBUG    |                 |        |      | services.pocketoption.keep_alive:start_persistent_connection:75 | Starting persistent connection with keep-alive...
2026-03-03 14:41:42 | INFO     |                 |        |      | services.ws_connection_logger:_create_log_file:101 | [WS LOGGER] Arquivo de log criado: logs\ws\PAYOUT_Monitor_keep_alive_keep_alive_3669e2464563_20260303_144142.log
2026-03-03 14:41:42 | INFO     |                 |        |      | services.pocketoption.keep_alive:_establish_connection:210 | [CONNECT] Connecting: Attempting connection to wss://demo-api-eu.po.market/socket.io/?EIO=4&transport=websocket (attempt 1/2)
2026-03-03 14:41:43 | SUCCESS  |                 |        |      | services.pocketoption.keep_alive:_establish_connection:264 | [SUCCESS] Connected to wss://demo-api-eu.po.market/socket.io/?EIO=4&transport=websocket (region: DEMO-EU)
2026-03-03 14:41:43 | DEBUG    |                 |        |      | services.pocketoption.keep_alive:_send_handshake:351 | Received initial: 0{"sid":"hcW6KMs_fWwNzU-JESNc","upgrades":[],"pingInterval":25000,"pingTimeout":20000,"maxPayload":1000000}
2026-03-03 14:41:43 | DEBUG    |                 |        |      | services.pocketoption.keep_alive:_send_handshake:361 | Received connection: 40{"sid":"2xruYhixwlxK3Jb0ESNd"}
2026-03-03 14:41:43 | DEBUG    |                 |        |      | services.pocketoption.keep_alive:_send_handshake:365 | Handshake completed
2026-03-03 14:41:44 | INFO     |                 |        |      | services.pocketoption.keep_alive:_send_handshake:382 | Solicitando trades fechados (getClosedDeals)
2026-03-03 14:41:44 | SUCCESS  |                 |        |      | services.data_collector.realtime:start:438 | [MONITORAMENTO: PAYOUT] [OK] Cliente PAYOUT conectado
2026-03-03 14:41:44 | INFO     |                 |        |      | services.data_collector.realtime:start:445 | [MONITORAMENTO: PAYOUT] [OK] Callback _on_payout_data registrado
2026-03-03 14:41:44 | DEBUG    |                 |        |      | services.pocketoption.keep_alive:_process_message:879 | ⏳ updateAssets received (451) - awaiting assets data
2026-03-03 14:41:44 | INFO     |                 |        |      | services.pocketoption.keep_alive:_reconnection_monitor:628 | [REBALANCE] Reconnection monitor started
2026-03-03 14:41:44 | INFO     |                 |        |      | services.data_collector.reconnection_manager:register_connection:68 | [OK] Conexão registrada: [%s] %s (id: %s)
2026-03-03 14:41:44 | INFO     |                 |        |      | services.pocketoption.keep_alive:_reconnection_monitor:664 | [OK] Conexão 'keep_alive_1842106326512' registrada no gerenciador unificado
2026-03-03 14:41:44 | INFO     |                 |        |      | services.pocketoption.keep_alive:_reconnection_monitor:667 | [REBALANCE] Usando gerenciador unificado de reconexão
2026-03-03 14:41:44 | DEBUG    |                 |        |      | services.data_collector.realtime:_on_payout_data:3167 | Iniciando processamento de 183 assets de payout
2026-03-03 14:41:44 | DEBUG    |                 |        |      | services.data_collector.realtime:_on_payout_data:3205 | Atualizando 183 assets no banco de dados...
2026-03-03 14:41:44 | DEBUG    |                 |        |      | services.data_collector.realtime:_do_update:3237 | Query SELECT levou 0.202s para 183 assets
2026-03-03 14:41:44 | DEBUG    |                 |        |      | services.data_collector.realtime:_do_update:3273 | [OK] 183 assets atualizados em lote em 0.242s (query: 0.202s, update: 0.001s, commit: 0.039s)
2026-03-03 14:41:44 | DEBUG    |                 |        |      | core.database:get_db_context:241 | [DB] 47 queries executadas na sessão
2026-03-03 14:41:44 | DEBUG    |                 |        |      | services.data_collector.realtime:_on_payout_data:3207 | [OK] 183 assets atualizados
2026-03-03 14:41:44 | INFO     |                 |        |      | services.data_collector.realtime:_on_payout_data:3211 | [OK] Dados de payout atualizados para 183 assets
2026-03-03 14:41:44 | INFO     |                 |        |      | services.pocketoption.keep_alive:_process_message:722 | [OK] Assets data received (bytes) - 183 assets
2026-03-03 14:41:44 | INFO     |                 |        |      | services.pocketoption.client:_on_authenticated:1006 | Authentication successful
2026-03-03 14:41:44 | DEBUG    |                 |        |      | core.database:get_db_context:241 | [DB] 2 queries executadas na sessão
2026-03-03 14:41:44 | DEBUG    |                 |        |      | services.pocketoption.keep_alive:_process_message:857 | ⏳ successupdateBalance received (451) - awaiting balance data
2026-03-03 14:41:44 | INFO     |                 |        |      | services.pocketoption.keep_alive:_process_message:739 | *** Balance data received [PAYOUT Monitor] (demo): $50000
2026-03-03 14:41:44 | DEBUG    |                 |        |      | services.pocketoption.keep_alive:_process_message:886 | updateClosedDeals received (451): N/A deals
2026-03-03 14:41:46 | INFO     |                 |        |      | services.data_collector.connection_manager:_monitor_loop:801 | Acordou do sono
2026-03-03 14:41:46 | INFO     |                 |        |      | services.data_collector.connection_manager:_monitor_loop:815 | Verificando conexões...
2026-03-03 14:41:46 | INFO     |                 |        |      | services.data_collector.connection_manager:_monitor_loop:822 | Abrindo conexão com banco de dados...
2026-03-03 14:41:46 | INFO     |                 |        |      | services.data_collector.connection_manager:_monitor_loop:829 | Conexão com banco de dados aberta
2026-03-03 14:41:46 | INFO     |                 |        |      | services.data_collector.connection_manager:_monitor_loop:850 | Encontradas 7 contas ativas
2026-03-03 14:41:47 | DEBUG    |                 |        |      | services.data_collector.connection_manager:_handle_account_connection:992 | Conta 1a4e04bd...: has_configs=False, is_active=False, autotrade_demo=True, autotrade_real=False, ssid_demo=N/A, ssid_real=N/A
2026-03-03 14:41:47 | DEBUG    |                 |        |      | services.data_collector.connection_manager:_handle_account_connection:1004 | Conta 1a4e04bd...: Sem estratégias, pulando conexões
2026-03-03 14:41:47 | DEBUG    |                 |        |      | services.data_collector.connection_manager:_handle_account_connection:992 | Conta 54bafdec...: has_configs=False, is_active=False, autotrade_demo=True, autotrade_real=False, ssid_demo=***, ssid_real=N/A
2026-03-03 14:41:47 | DEBUG    |                 |        |      | services.data_collector.connection_manager:_handle_account_connection:1004 | Conta 54bafdec...: Sem estratégias, pulando conexões
2026-03-03 14:41:47 | DEBUG    |                 |        |      | services.data_collector.connection_manager:_handle_account_connection:992 | Conta ca56e737...: has_configs=True, is_active=False, autotrade_demo=True, autotrade_real=False, ssid_demo=***, ssid_real=N/A
2026-03-03 14:41:47 | DEBUG    |                 |        |      | services.data_collector.connection_manager:_handle_account_connection:992 | Conta b8c20503...: has_configs=True, is_active=False, autotrade_demo=True, autotrade_real=False, ssid_demo=***, ssid_real=N/A
2026-03-03 14:41:47 | DEBUG    |                 |        |      | services.data_collector.connection_manager:_handle_account_connection:992 | Conta 986ab179...: has_configs=True, is_active=False, autotrade_demo=True, autotrade_real=False, ssid_demo=***, ssid_real=***
2026-03-03 14:41:47 | DEBUG    |                 |        |      | services.data_collector.connection_manager:_handle_account_connection:992 | Conta 5c5848af...: has_configs=True, is_active=False, autotrade_demo=True, autotrade_real=False, ssid_demo=***, ssid_real=N/A
2026-03-03 14:41:47 | DEBUG    |                 |        |      | services.data_collector.connection_manager:_handle_account_connection:992 | Conta 344c94de...: has_configs=True, is_active=False, autotrade_demo=True, autotrade_real=False, ssid_demo=***, ssid_real=N/A
2026-03-03 14:41:47 | DEBUG    |                 |        |      | core.database:get_db_context:241 | [DB] 42 queries executadas na sessão
2026-03-03 14:41:47 | DEBUG    |                 |        |      | core.database:get_db_context:241 | [DB] 42 queries executadas na sessão
2026-03-03 14:41:47 | DEBUG    |                 |        |      | core.database:get_db_context:241 | [DB] 42 queries executadas na sessão
2026-03-03 14:41:47 | DEBUG    |                 |        |      | core.database:get_db_context:241 | [DB] 42 queries executadas na sessão
2026-03-03 14:41:47 | DEBUG    |                 |        |      | core.database:get_db_context:241 | [DB] 42 queries executadas na sessão
2026-03-03 14:41:47 | DEBUG    |                 |        |      | core.database:get_db_context:241 | [DB] 42 queries executadas na sessão
2026-03-03 14:41:47 | DEBUG    |                 |        |      | core.database:get_db_context:241 | [DB] 42 queries executadas na sessão
2026-03-03 14:41:47 | DEBUG    |                 |        |      | core.database:get_db_context:241 | [DB] 44 queries executadas na sessão
2026-03-03 14:41:47 | INFO     |                 |        |      | services.data_collector.connection_manager:_monitor_loop:789 | Entrando no loop de monitoramento...
2026-03-03 14:41:47 | INFO     |                 |        |      | services.data_collector.connection_manager:_monitor_loop:795 | Dormindo por 5 segundos...
2026-03-03 14:41:49 | DEBUG    |                 |        |      | core.database:get_db_context:241 | [DB] 2 queries executadas na sessão
2026-03-03 14:41:49 | INFO     |                 |        |      | services.data_collector.realtime:start:457 | [OK] Coleta iniciada: 183 assets
2026-03-03 14:41:49 | INFO     |                 |        |      | services.data_collector.realtime:start:461 | [OK] Tarefa periódica de atualização de assets iniciada
2026-03-03 14:41:49 | INFO     |                 |        |      | services.data_collector.realtime:_start_ativos_monitoring:870 | Iniciando monitoramento de ativos...
2026-03-03 14:41:49 | INFO     |                 |        |      | services.ws_connection_logger:_create_log_file:101 | [WS LOGGER] Arquivo de log criado: logs\ws\ATIVOS_Client_1_ativos_ativos_0dfe1755f9d2_20260303_144149.log
2026-03-03 14:41:49 | DEBUG    |                 |        |      | services.pocketoption.client:connect:170 | Connecting to PocketOption...
2026-03-03 14:41:49 | DEBUG    |                 |        |      | services.pocketoption.client:_start_persistent_connection:276 | Starting persistent connection with automatic keep-alive...
2026-03-03 14:41:49 | DEBUG    |                 |        |      | services.pocketoption.keep_alive:__init__:69 | Initialized keep-alive manager with 2 available regions
2026-03-03 14:41:49 | DEBUG    |                 |        |      | services.pocketoption.keep_alive:start_persistent_connection:75 | Starting persistent connection with keep-alive...
2026-03-03 14:41:49 | INFO     |                 |        |      | services.ws_connection_logger:_create_log_file:101 | [WS LOGGER] Arquivo de log criado: logs\ws\ATIVOS_Client_1_keep_alive_keep_alive_869cb4a775e4_20260303_144149.log
2026-03-03 14:41:49 | INFO     |                 |        |      | services.pocketoption.keep_alive:_establish_connection:210 | [CONNECT] Connecting: Attempting connection to wss://demo-api-eu.po.market/socket.io/?EIO=4&transport=websocket (attempt 1/2)
2026-03-03 14:41:50 | SUCCESS  |                 |        |      | services.pocketoption.keep_alive:_establish_connection:264 | [SUCCESS] Connected to wss://demo-api-eu.po.market/socket.io/?EIO=4&transport=websocket (region: DEMO-EU)
2026-03-03 14:41:50 | DEBUG    |                 |        |      | services.pocketoption.keep_alive:_send_handshake:351 | Received initial: 0{"sid":"RqKdWgdRh3I3x2kIEQ0-","upgrades":[],"pingInterval":25000,"pingTimeout":20000,"maxPayload":1000000}
2026-03-03 14:41:50 | DEBUG    |                 |        |      | services.pocketoption.keep_alive:_send_handshake:361 | Received connection: 40{"sid":"ScgTqLGKC_cfYlWjEQ0_"}
2026-03-03 14:41:50 | DEBUG    |                 |        |      | services.pocketoption.keep_alive:_send_handshake:365 | Handshake completed
2026-03-03 14:41:50 | INFO     |                 |        |      | services.pocketoption.keep_alive:_send_handshake:382 | Solicitando trades fechados (getClosedDeals)
2026-03-03 14:41:50 | INFO     |                 |        |      | services.data_collector.realtime:_start_ativos_monitoring:906 | [MONITORAMENTO #1] Cliente ATIVOS #1 conectado
2026-03-03 14:41:50 | INFO     |                 |        |      | services.data_collector.reconnection_manager:register_connection:68 | [OK] Conexão registrada: [%s] %s (id: %s)
2026-03-03 14:41:50 | INFO     |                 |        |      | services.data_collector.realtime:_start_ativos_monitoring:934 | [MONITORAMENTO #1] [OK] Cliente ATIVOS #1 registrado no gerenciador unificado
2026-03-03 14:41:50 | DEBUG    |                 |        |      | services.pocketoption.keep_alive:_process_message:879 | ⏳ updateAssets received (451) - awaiting assets data
2026-03-03 14:41:50 | INFO     |                 |        |      | services.pocketoption.keep_alive:_process_message:722 | [OK] Assets data received (bytes) - 183 assets
2026-03-03 14:41:50 | INFO     |                 |        |      | services.pocketoption.client:_on_authenticated:1006 | Authentication successful
2026-03-03 14:41:50 | INFO     |                 |        |      | services.pocketoption.keep_alive:_reconnection_monitor:628 | [REBALANCE] Reconnection monitor started
2026-03-03 14:41:50 | INFO     |                 |        |      | services.data_collector.reconnection_manager:register_connection:68 | [OK] Conexão registrada: [%s] %s (id: %s)
2026-03-03 14:41:50 | INFO     |                 |        |      | services.pocketoption.keep_alive:_reconnection_monitor:664 | [OK] Conexão 'keep_alive_1842115597552' registrada no gerenciador unificado
2026-03-03 14:41:50 | INFO     |                 |        |      | services.pocketoption.keep_alive:_reconnection_monitor:667 | [REBALANCE] Usando gerenciador unificado de reconexão
2026-03-03 14:41:51 | DEBUG    |                 |        |      | core.database:get_db_context:241 | [DB] 2 queries executadas na sessão
2026-03-03 14:41:51 | DEBUG    |                 |        |      | services.pocketoption.keep_alive:_process_message:857 | ⏳ successupdateBalance received (451) - awaiting balance data
2026-03-03 14:41:51 | INFO     |                 |        |      | services.pocketoption.keep_alive:_process_message:739 | *** Balance data received [ATIVOS Client 1] (demo): $50000
2026-03-03 14:41:51 | DEBUG    |                 |        |      | services.pocketoption.keep_alive:_process_message:886 | updateClosedDeals received (451): N/A deals
2026-03-03 14:41:52 | DEBUG    |                 |        |      | core.database:get_db_context:241 | [DB] 2 queries executadas na sessão
2026-03-03 14:41:52 | INFO     |                 |        |      | services.data_collector.realtime:_start_ativos_monitoring:990 | [INIT] Encontrados 36 assets com payout >= 92%
2026-03-03 14:41:52 | INFO     |                 |        |      | services.data_collector.realtime:_start_ativos_monitoring:991 | [INIT] Top ativos: ['EURUSD_otc', 'AUDCHF_otc', 'CADCHF_otc', 'CADJPY_otc', 'NZDUSD_otc', 'USDCAD_otc', 'USDJPY_otc', 'USDRUB_otc', 'EURRUB_otc', 'EURTRY_otc', 'TRX-USD_otc', 'EURCHF_otc', 'GBPJPY_otc', 'GBPUSD_otc', 'BTCUSD_otc']
2026-03-03 14:41:52 | INFO     |                 |        |      | services.data_collector.realtime:_start_ativos_monitoring:997 | [INIT] Número de contas ATIVOS: 1
2026-03-03 14:41:52 | INFO     |                 |        |      | services.data_collector.realtime:_start_ativos_monitoring:1015 | [INIT] Conta 0: 10 ativos disponíveis após filtro
2026-03-03 14:41:52 | INFO     |                 |        |      | services.data_collector.realtime:_start_ativos_monitoring:1027 | [INIT] Conta 0: start_idx=0, end_idx=10
2026-03-03 14:41:52 | INFO     |                 |        |      | services.data_collector.realtime:_start_ativos_monitoring:1038 | [INIT] ATIVOS Client 1: selecionados 10 assets: ['EURUSD_otc', 'AUDCHF_otc', 'CADCHF_otc', 'CADJPY_otc', 'NZDUSD_otc', 'USDCAD_otc', 'USDJPY_otc', 'USDRUB_otc', 'EURRUB_otc', 'EURTRY_otc']
2026-03-03 14:41:52 | DEBUG    |                 |        |      | services.data_collector.realtime:_subscribe_asset:1120 | [OK] Inscrevendo em EURUSD_otc
2026-03-03 14:41:52 | DEBUG    |                 |        |      | services.data_collector.realtime:_request_historical_data:1142 | [OK] Dados históricos solicitados para EURUSD_otc
2026-03-03 14:41:52 | INFO     |                 |        |      | services.data_collector.connection_manager:_monitor_loop:801 | Acordou do sono
2026-03-03 14:41:52 | INFO     |                 |        |      | services.data_collector.connection_manager:_monitor_loop:815 | Verificando conexões...
2026-03-03 14:41:52 | INFO     |                 |        |      | services.data_collector.connection_manager:_monitor_loop:822 | Abrindo conexão com banco de dados...
2026-03-03 14:41:52 | INFO     |                 |        |      | services.data_collector.connection_manager:_monitor_loop:829 | Conexão com banco de dados aberta
2026-03-03 14:41:52 | DEBUG    |                 |        |      | services.data_collector.realtime:_subscribe_asset:1120 | [OK] Inscrevendo em AUDCHF_otc
2026-03-03 14:41:52 | DEBUG    |                 |        |      | services.data_collector.realtime:_request_historical_data:1142 | [OK] Dados históricos solicitados para AUDCHF_otc
2026-03-03 14:41:52 | INFO     |                 |        |      | services.data_collector.connection_manager:_monitor_loop:850 | Encontradas 7 contas ativas
2026-03-03 14:41:52 | DEBUG    |                 |        |      | services.pocketoption.keep_alive:_process_message:868 | ⏳ updateHistoryNewFast received (451) - awaiting history data
2026-03-03 14:41:52 | DEBUG    |                 |        |      | services.data_collector.realtime:_subscribe_asset:1120 | [OK] Inscrevendo em CADCHF_otc
2026-03-03 14:41:52 | DEBUG    |                 |        |      | services.data_collector.realtime:_request_historical_data:1142 | [OK] Dados históricos solicitados para CADCHF_otc
2026-03-03 14:41:52 | INFO     |                 |        |      | services.data_collector.realtime:_on_ativos_candles_received:2505 | [CHART] [ATIVOS Client 1] Histórico recebido: EURUSD_otc | 1499 candles | período=1s @ 14:41:52
2026-03-03 14:41:52 | DEBUG    |                 |        |      | services.data_collector.local_storage:_append_to_file_batch:175 | [OK] [EURUSD_otc] Adicionados 1499 ticks via append
2026-03-03 14:41:52 | INFO     |                 |        |      | services.data_collector.realtime:_load_history_to_buffer:2612 | [OK] [EURUSD_otc] 244 candles carregados para timeframe 3s
2026-03-03 14:41:52 | INFO     |                 |        |      | services.data_collector.realtime:_load_history_to_buffer:2612 | [OK] [EURUSD_otc] 147 candles carregados para timeframe 5s
2026-03-03 14:41:52 | INFO     |                 |        |      | services.data_collector.realtime:_load_history_to_buffer:2612 | [OK] [EURUSD_otc] 25 candles carregados para timeframe 30s
2026-03-03 14:41:52 | INFO     |                 |        |      | services.data_collector.realtime:_load_history_to_buffer:2612 | [OK] [EURUSD_otc] 13 candles carregados para timeframe 60s
2026-03-03 14:41:52 | INFO     |                 |        |      | services.data_collector.realtime:_load_history_to_buffer:2612 | [OK] [EURUSD_otc] 4 candles carregados para timeframe 300s
2026-03-03 14:41:52 | INFO     |                 |        |      | services.data_collector.realtime:_load_history_to_buffer:2612 | [OK] [EURUSD_otc] 2 candles carregados para timeframe 900s
2026-03-03 14:41:52 | INFO     |                 |        |      | services.data_collector.realtime:_load_history_to_buffer:2612 | [OK] [EURUSD_otc] 1 candles carregados para timeframe 3600s
2026-03-03 14:41:52 | INFO     |                 |        |      | services.data_collector.realtime:_load_history_to_buffer:2612 | [OK] [EURUSD_otc] 1 candles carregados para timeframe 14400s
2026-03-03 14:41:52 | INFO     |                 |        |      | services.data_collector.realtime:_load_history_to_buffer:2612 | [OK] [EURUSD_otc] 1 candles carregados para timeframe 86400s
2026-03-03 14:41:52 | INFO     |                 |        |      | services.data_collector.realtime:_load_history_to_buffer:2614 | [OK] [EURUSD_otc] Dados históricos carregados no buffer para todos os timeframes
2026-03-03 14:41:52 | DEBUG    |                 |        |      | services.pocketoption.keep_alive:_process_message:711 | [OK] History data received (bytes) - asset=EURUSD_otc, candles=1499
2026-03-03 14:41:52 | DEBUG    |                 |        |      | services.pocketoption.keep_alive:_process_message:868 | ⏳ updateHistoryNewFast received (451) - awaiting history data
2026-03-03 14:41:52 | DEBUG    |                 |        |      | services.data_collector.connection_manager:_handle_account_connection:992 | Conta 986ab179...: has_configs=True, is_active=False, autotrade_demo=True, autotrade_real=False, ssid_demo=***, ssid_real=***
2026-03-03 14:41:52 | DEBUG    |                 |        |      | services.data_collector.connection_manager:_handle_account_connection:992 | Conta ca56e737...: has_configs=True, is_active=False, autotrade_demo=True, autotrade_real=False, ssid_demo=***, ssid_real=N/A
2026-03-03 14:41:52 | DEBUG    |                 |        |      | services.data_collector.connection_manager:_handle_account_connection:992 | Conta 344c94de...: has_configs=True, is_active=False, autotrade_demo=True, autotrade_real=False, ssid_demo=***, ssid_real=N/A
2026-03-03 14:41:52 | DEBUG    |                 |        |      | services.data_collector.connection_manager:_handle_account_connection:992 | Conta b8c20503...: has_configs=True, is_active=False, autotrade_demo=True, autotrade_real=False, ssid_demo=***, ssid_real=N/A
2026-03-03 14:41:52 | DEBUG    |                 |        |      | services.data_collector.connection_manager:_handle_account_connection:992 | Conta 1a4e04bd...: has_configs=False, is_active=False, autotrade_demo=True, autotrade_real=False, ssid_demo=N/A, ssid_real=N/A
2026-03-03 14:41:52 | DEBUG    |                 |        |      | services.data_collector.connection_manager:_handle_account_connection:1004 | Conta 1a4e04bd...: Sem estratégias, pulando conexões
2026-03-03 14:41:52 | DEBUG    |                 |        |      | services.data_collector.connection_manager:_handle_account_connection:992 | Conta 54bafdec...: has_configs=False, is_active=False, autotrade_demo=True, autotrade_real=False, ssid_demo=***, ssid_real=N/A
2026-03-03 14:41:52 | DEBUG    |                 |        |      | services.data_collector.connection_manager:_handle_account_connection:1004 | Conta 54bafdec...: Sem estratégias, pulando conexões
2026-03-03 14:41:52 | DEBUG    |                 |        |      | services.data_collector.connection_manager:_handle_account_connection:992 | Conta 5c5848af...: has_configs=True, is_active=False, autotrade_demo=True, autotrade_real=False, ssid_demo=***, ssid_real=N/A
2026-03-03 14:41:52 | DEBUG    |                 |        |      | core.database:get_db_context:241 | [DB] 42 queries executadas na sessão
2026-03-03 14:41:52 | DEBUG    |                 |        |      | core.database:get_db_context:241 | [DB] 42 queries executadas na sessão
2026-03-03 14:41:52 | DEBUG    |                 |        |      | core.database:get_db_context:241 | [DB] 42 queries executadas na sessão
2026-03-03 14:41:52 | DEBUG    |                 |        |      | core.database:get_db_context:241 | [DB] 42 queries executadas na sessão
2026-03-03 14:41:52 | DEBUG    |                 |        |      | core.database:get_db_context:241 | [DB] 42 queries executadas na sessão
2026-03-03 14:41:52 | DEBUG    |                 |        |      | core.database:get_db_context:241 | [DB] 42 queries executadas na sessão
2026-03-03 14:41:52 | DEBUG    |                 |        |      | core.database:get_db_context:241 | [DB] 42 queries executadas na sessão
2026-03-03 14:41:52 | DEBUG    |                 |        |      | core.database:get_db_context:241 | [DB] 44 queries executadas na sessão
2026-03-03 14:41:52 | INFO     |                 |        |      | services.data_collector.connection_manager:_monitor_loop:789 | Entrando no loop de monitoramento...
2026-03-03 14:41:52 | INFO     |                 |        |      | services.data_collector.connection_manager:_monitor_loop:795 | Dormindo por 5 segundos...
2026-03-03 14:41:52 | INFO     |                 |        |      | services.data_collector.realtime:_on_ativos_candles_received:2505 | [CHART] [ATIVOS Client 1] Histórico recebido: AUDCHF_otc | 1500 candles | período=1s @ 14:41:52
2026-03-03 14:41:52 | DEBUG    |                 |        |      | services.data_collector.local_storage:_append_to_file_batch:175 | [OK] [AUDCHF_otc] Adicionados 1500 ticks via append
2026-03-03 14:41:52 | INFO     |                 |        |      | services.data_collector.realtime:_load_history_to_buffer:2612 | [OK] [AUDCHF_otc] 245 candles carregados para timeframe 3s
2026-03-03 14:41:52 | INFO     |                 |        |      | services.data_collector.realtime:_load_history_to_buffer:2612 | [OK] [AUDCHF_otc] 147 candles carregados para timeframe 5s
2026-03-03 14:41:52 | INFO     |                 |        |      | services.data_collector.realtime:_load_history_to_buffer:2612 | [OK] [AUDCHF_otc] 25 candles carregados para timeframe 30s
2026-03-03 14:41:52 | INFO     |                 |        |      | services.data_collector.realtime:_load_history_to_buffer:2612 | [OK] [AUDCHF_otc] 13 candles carregados para timeframe 60s
2026-03-03 14:41:52 | INFO     |                 |        |      | services.data_collector.realtime:_load_history_to_buffer:2612 | [OK] [AUDCHF_otc] 4 candles carregados para timeframe 300s
2026-03-03 14:41:52 | INFO     |                 |        |      | services.data_collector.realtime:_load_history_to_buffer:2612 | [OK] [AUDCHF_otc] 2 candles carregados para timeframe 900s
2026-03-03 14:41:52 | INFO     |                 |        |      | services.data_collector.realtime:_load_history_to_buffer:2612 | [OK] [AUDCHF_otc] 1 candles carregados para timeframe 3600s
2026-03-03 14:41:52 | INFO     |                 |        |      | services.data_collector.realtime:_load_history_to_buffer:2612 | [OK] [AUDCHF_otc] 1 candles carregados para timeframe 14400s
2026-03-03 14:41:52 | INFO     |                 |        |      | services.data_collector.realtime:_load_history_to_buffer:2612 | [OK] [AUDCHF_otc] 1 candles carregados para timeframe 86400s
2026-03-03 14:41:52 | INFO     |                 |        |      | services.data_collector.realtime:_load_history_to_buffer:2614 | [OK] [AUDCHF_otc] Dados históricos carregados no buffer para todos os timeframes
2026-03-03 14:41:52 | DEBUG    |                 |        |      | services.pocketoption.keep_alive:_process_message:711 | [OK] History data received (bytes) - asset=AUDCHF_otc, candles=1500
2026-03-03 14:41:52 | DEBUG    |                 |        |      | services.data_collector.realtime:_subscribe_asset:1120 | [OK] Inscrevendo em CADJPY_otc
2026-03-03 14:41:52 | DEBUG    |                 |        |      | services.data_collector.realtime:_request_historical_data:1142 | [OK] Dados históricos solicitados para CADJPY_otc
2026-03-03 14:41:52 | INFO     |                 |        |      | services.l1_cache:get:84 | [L1 CACHE MISS] all_autotrade_configs (hits: 0, misses: 1)
2026-03-03 14:41:52 | INFO     |                 |        |      | services.data_collector.realtime:_get_all_autotrade_configs:647 | [REBALANCE] Cache invalidado, recarregando configurações do banco
2026-03-03 14:41:53 | INFO     |                 |        |      | services.l1_cache:set:186 | [L1 CACHE SET] all_autotrade_configs (ttl=300s, total_cached=1)
2026-03-03 14:41:53 | DEBUG    |                 |        |      | services.data_collector.realtime:_subscribe_asset:1120 | [OK] Inscrevendo em NZDUSD_otc
2026-03-03 14:41:53 | DEBUG    |                 |        |      | services.data_collector.realtime:_request_historical_data:1142 | [OK] Dados históricos solicitados para NZDUSD_otc
2026-03-03 14:41:53 | DEBUG    |                 |        |      | core.database:get_db_context:241 | [DB] 2 queries executadas na sessão
2026-03-03 14:41:53 | DEBUG    |                 |        |      | services.pocketoption.keep_alive:_process_message:868 | ⏳ updateHistoryNewFast received (451) - awaiting history data
2026-03-03 14:41:53 | INFO     |                 |        |      | services.data_collector.realtime:_on_ativos_candles_received:2505 | [CHART] [ATIVOS Client 1] Histórico recebido: CADCHF_otc | 1501 candles | período=1s @ 14:41:53
2026-03-03 14:41:53 | DEBUG    |                 |        |      | services.data_collector.local_storage:_append_to_file_batch:175 | [OK] [CADCHF_otc] Adicionados 1501 ticks via append
2026-03-03 14:41:53 | INFO     |                 |        |      | services.data_collector.realtime:_load_history_to_buffer:2612 | [OK] [CADCHF_otc] 245 candles carregados para timeframe 3s
2026-03-03 14:41:53 | INFO     |                 |        |      | services.data_collector.realtime:_load_history_to_buffer:2612 | [OK] [CADCHF_otc] 147 candles carregados para timeframe 5s
2026-03-03 14:41:53 | INFO     |                 |        |      | services.data_collector.realtime:_load_history_to_buffer:2612 | [OK] [CADCHF_otc] 25 candles carregados para timeframe 30s
2026-03-03 14:41:53 | INFO     |                 |        |      | services.data_collector.realtime:_load_history_to_buffer:2612 | [OK] [CADCHF_otc] 13 candles carregados para timeframe 60s
2026-03-03 14:41:53 | INFO     |                 |        |      | services.data_collector.realtime:_load_history_to_buffer:2612 | [OK] [CADCHF_otc] 4 candles carregados para timeframe 300s
2026-03-03 14:41:53 | INFO     |                 |        |      | services.data_collector.realtime:_load_history_to_buffer:2612 | [OK] [CADCHF_otc] 2 candles carregados para timeframe 900s
2026-03-03 14:41:53 | INFO     |                 |        |      | services.data_collector.realtime:_load_history_to_buffer:2612 | [OK] [CADCHF_otc] 1 candles carregados para timeframe 3600s
2026-03-03 14:41:53 | INFO     |                 |        |      | services.data_collector.realtime:_load_history_to_buffer:2612 | [OK] [CADCHF_otc] 1 candles carregados para timeframe 14400s
2026-03-03 14:41:53 | INFO     |                 |        |      | services.data_collector.realtime:_load_history_to_buffer:2612 | [OK] [CADCHF_otc] 1 candles carregados para timeframe 86400s
2026-03-03 14:41:53 | INFO     |                 |        |      | services.data_collector.realtime:_load_history_to_buffer:2614 | [OK] [CADCHF_otc] Dados históricos carregados no buffer para todos os timeframes
2026-03-03 14:41:53 | DEBUG    |                 |        |      | services.pocketoption.keep_alive:_process_message:711 | [OK] History data received (bytes) - asset=CADCHF_otc, candles=1501
2026-03-03 14:41:53 | DEBUG    |                 |        |      | services.pocketoption.keep_alive:_process_message:868 | ⏳ updateHistoryNewFast received (451) - awaiting history data
2026-03-03 14:41:53 | INFO     |                 |        |      | services.data_collector.realtime:_on_ativos_candles_received:2505 | [CHART] [ATIVOS Client 1] Histórico recebido: CADJPY_otc | 1500 candles | período=1s @ 14:41:53
2026-03-03 14:41:53 | DEBUG    |                 |        |      | services.data_collector.local_storage:_append_to_file_batch:175 | [OK] [CADJPY_otc] Adicionados 1500 ticks via append
2026-03-03 14:41:53 | INFO     |                 |        |      | services.data_collector.realtime:_load_history_to_buffer:2612 | [OK] [CADJPY_otc] 245 candles carregados para timeframe 3s
2026-03-03 14:41:53 | INFO     |                 |        |      | services.data_collector.realtime:_load_history_to_buffer:2612 | [OK] [CADJPY_otc] 147 candles carregados para timeframe 5s
2026-03-03 14:41:53 | INFO     |                 |        |      | services.data_collector.realtime:_load_history_to_buffer:2612 | [OK] [CADJPY_otc] 25 candles carregados para timeframe 30s
2026-03-03 14:41:53 | INFO     |                 |        |      | services.data_collector.realtime:_load_history_to_buffer:2612 | [OK] [CADJPY_otc] 13 candles carregados para timeframe 60s
2026-03-03 14:41:53 | INFO     |                 |        |      | services.data_collector.realtime:_load_history_to_buffer:2612 | [OK] [CADJPY_otc] 4 candles carregados para timeframe 300s
2026-03-03 14:41:53 | INFO     |                 |        |      | services.data_collector.realtime:_load_history_to_buffer:2612 | [OK] [CADJPY_otc] 2 candles carregados para timeframe 900s
2026-03-03 14:41:53 | INFO     |                 |        |      | services.data_collector.realtime:_load_history_to_buffer:2612 | [OK] [CADJPY_otc] 1 candles carregados para timeframe 3600s
2026-03-03 14:41:53 | INFO     |                 |        |      | services.data_collector.realtime:_load_history_to_buffer:2612 | [OK] [CADJPY_otc] 1 candles carregados para timeframe 14400s
2026-03-03 14:41:53 | INFO     |                 |        |      | services.data_collector.realtime:_load_history_to_buffer:2612 | [OK] [CADJPY_otc] 1 candles carregados para timeframe 86400s
2026-03-03 14:41:53 | INFO     |                 |        |      | services.data_collector.realtime:_load_history_to_buffer:2614 | [OK] [CADJPY_otc] Dados históricos carregados no buffer para todos os timeframes
2026-03-03 14:41:53 | DEBUG    |                 |        |      | services.pocketoption.keep_alive:_process_message:711 | [OK] History data received (bytes) - asset=CADJPY_otc, candles=1500
2026-03-03 14:41:53 | DEBUG    |                 |        |      | services.data_collector.realtime:_subscribe_asset:1120 | [OK] Inscrevendo em USDCAD_otc
2026-03-03 14:41:53 | DEBUG    |                 |        |      | services.data_collector.realtime:_request_historical_data:1142 | [OK] Dados históricos solicitados para USDCAD_otc
2026-03-03 14:41:53 | DEBUG    |                 |        |      | services.pocketoption.keep_alive:_process_message:868 | ⏳ updateHistoryNewFast received (451) - awaiting history data
2026-03-03 14:41:53 | INFO     |                 |        |      | services.data_collector.realtime:_on_ativos_candles_received:2505 | [CHART] [ATIVOS Client 1] Histórico recebido: NZDUSD_otc | 1506 candles | período=1s @ 14:41:53
2026-03-03 14:41:53 | DEBUG    |                 |        |      | services.data_collector.local_storage:_append_to_file_batch:175 | [OK] [NZDUSD_otc] Adicionados 1506 ticks via append
2026-03-03 14:41:53 | INFO     |                 |        |      | services.data_collector.realtime:_load_history_to_buffer:2612 | [OK] [NZDUSD_otc] 245 candles carregados para timeframe 3s
2026-03-03 14:41:53 | INFO     |                 |        |      | services.data_collector.realtime:_load_history_to_buffer:2612 | [OK] [NZDUSD_otc] 148 candles carregados para timeframe 5s
2026-03-03 14:41:53 | INFO     |                 |        |      | services.data_collector.realtime:_load_history_to_buffer:2612 | [OK] [NZDUSD_otc] 25 candles carregados para timeframe 30s
2026-03-03 14:41:53 | INFO     |                 |        |      | services.data_collector.realtime:_load_history_to_buffer:2612 | [OK] [NZDUSD_otc] 13 candles carregados para timeframe 60s
2026-03-03 14:41:53 | INFO     |                 |        |      | services.data_collector.realtime:_load_history_to_buffer:2612 | [OK] [NZDUSD_otc] 4 candles carregados para timeframe 300s
2026-03-03 14:41:53 | INFO     |                 |        |      | services.data_collector.realtime:_load_history_to_buffer:2612 | [OK] [NZDUSD_otc] 2 candles carregados para timeframe 900s
2026-03-03 14:41:53 | INFO     |                 |        |      | services.data_collector.realtime:_load_history_to_buffer:2612 | [OK] [NZDUSD_otc] 1 candles carregados para timeframe 3600s
2026-03-03 14:41:53 | INFO     |                 |        |      | services.data_collector.realtime:_load_history_to_buffer:2612 | [OK] [NZDUSD_otc] 1 candles carregados para timeframe 14400s
2026-03-03 14:41:53 | INFO     |                 |        |      | services.data_collector.realtime:_load_history_to_buffer:2612 | [OK] [NZDUSD_otc] 1 candles carregados para timeframe 86400s
2026-03-03 14:41:53 | INFO     |                 |        |      | services.data_collector.realtime:_load_history_to_buffer:2614 | [OK] [NZDUSD_otc] Dados históricos carregados no buffer para todos os timeframes
2026-03-03 14:41:53 | DEBUG    |                 |        |      | services.pocketoption.keep_alive:_process_message:711 | [OK] History data received (bytes) - asset=NZDUSD_otc, candles=1506
2026-03-03 14:41:53 | DEBUG    |                 |        |      | services.data_collector.realtime:_subscribe_asset:1120 | [OK] Inscrevendo em USDJPY_otc
2026-03-03 14:41:53 | DEBUG    |                 |        |      | services.data_collector.realtime:_request_historical_data:1142 | [OK] Dados históricos solicitados para USDJPY_otc
2026-03-03 14:41:53 | DEBUG    |                 |        |      | services.pocketoption.keep_alive:_process_message:868 | ⏳ updateHistoryNewFast received (451) - awaiting history data
2026-03-03 14:41:53 | INFO     |                 |        |      | services.data_collector.realtime:_on_ativos_candles_received:2505 | [CHART] [ATIVOS Client 1] Histórico recebido: USDCAD_otc | 1500 candles | período=1s @ 14:41:53
2026-03-03 14:41:53 | DEBUG    |                 |        |      | services.data_collector.local_storage:_append_to_file_batch:175 | [OK] [USDCAD_otc] Adicionados 1500 ticks via append
2026-03-03 14:41:53 | INFO     |                 |        |      | services.data_collector.realtime:_load_history_to_buffer:2612 | [OK] [USDCAD_otc] 244 candles carregados para timeframe 3s
2026-03-03 14:41:53 | INFO     |                 |        |      | services.data_collector.realtime:_load_history_to_buffer:2612 | [OK] [USDCAD_otc] 147 candles carregados para timeframe 5s
2026-03-03 14:41:53 | INFO     |                 |        |      | services.data_collector.realtime:_load_history_to_buffer:2612 | [OK] [USDCAD_otc] 25 candles carregados para timeframe 30s
2026-03-03 14:41:53 | INFO     |                 |        |      | services.data_collector.realtime:_load_history_to_buffer:2612 | [OK] [USDCAD_otc] 13 candles carregados para timeframe 60s
2026-03-03 14:41:53 | INFO     |                 |        |      | services.data_collector.realtime:_load_history_to_buffer:2612 | [OK] [USDCAD_otc] 4 candles carregados para timeframe 300s
2026-03-03 14:41:53 | INFO     |                 |        |      | services.data_collector.realtime:_load_history_to_buffer:2612 | [OK] [USDCAD_otc] 2 candles carregados para timeframe 900s
2026-03-03 14:41:53 | INFO     |                 |        |      | services.data_collector.realtime:_load_history_to_buffer:2612 | [OK] [USDCAD_otc] 1 candles carregados para timeframe 3600s
2026-03-03 14:41:53 | INFO     |                 |        |      | services.data_collector.realtime:_load_history_to_buffer:2612 | [OK] [USDCAD_otc] 1 candles carregados para timeframe 14400s
2026-03-03 14:41:53 | INFO     |                 |        |      | services.data_collector.realtime:_load_history_to_buffer:2612 | [OK] [USDCAD_otc] 1 candles carregados para timeframe 86400s
2026-03-03 14:41:53 | INFO     |                 |        |      | services.data_collector.realtime:_load_history_to_buffer:2614 | [OK] [USDCAD_otc] Dados históricos carregados no buffer para todos os timeframes
2026-03-03 14:41:53 | DEBUG    |                 |        |      | services.pocketoption.keep_alive:_process_message:711 | [OK] History data received (bytes) - asset=USDCAD_otc, candles=1500
2026-03-03 14:41:53 | DEBUG    |                 |        |      | services.data_collector.realtime:_subscribe_asset:1120 | [OK] Inscrevendo em USDRUB_otc
2026-03-03 14:41:53 | DEBUG    |                 |        |      | services.data_collector.realtime:_request_historical_data:1142 | [OK] Dados históricos solicitados para USDRUB_otc
2026-03-03 14:41:53 | DEBUG    |                 |        |      | services.pocketoption.keep_alive:_process_message:868 | ⏳ updateHistoryNewFast received (451) - awaiting history data
2026-03-03 14:41:53 | INFO     |                 |        |      | services.data_collector.realtime:_on_ativos_candles_received:2505 | [CHART] [ATIVOS Client 1] Histórico recebido: USDJPY_otc | 1503 candles | período=1s @ 14:41:53
2026-03-03 14:41:53 | DEBUG    |                 |        |      | services.data_collector.local_storage:_append_to_file_batch:175 | [OK] [USDJPY_otc] Adicionados 1503 ticks via append
2026-03-03 14:41:53 | INFO     |                 |        |      | services.data_collector.realtime:_load_history_to_buffer:2612 | [OK] [USDJPY_otc] 245 candles carregados para timeframe 3s
2026-03-03 14:41:53 | INFO     |                 |        |      | services.data_collector.realtime:_load_history_to_buffer:2612 | [OK] [USDJPY_otc] 147 candles carregados para timeframe 5s
2026-03-03 14:41:53 | INFO     |                 |        |      | services.data_collector.realtime:_load_history_to_buffer:2612 | [OK] [USDJPY_otc] 25 candles carregados para timeframe 30s
2026-03-03 14:41:53 | INFO     |                 |        |      | services.data_collector.realtime:_load_history_to_buffer:2612 | [OK] [USDJPY_otc] 13 candles carregados para timeframe 60s
2026-03-03 14:41:53 | INFO     |                 |        |      | services.data_collector.realtime:_load_history_to_buffer:2612 | [OK] [USDJPY_otc] 4 candles carregados para timeframe 300s
2026-03-03 14:41:53 | INFO     |                 |        |      | services.data_collector.realtime:_load_history_to_buffer:2612 | [OK] [USDJPY_otc] 2 candles carregados para timeframe 900s
2026-03-03 14:41:53 | INFO     |                 |        |      | services.data_collector.realtime:_load_history_to_buffer:2612 | [OK] [USDJPY_otc] 1 candles carregados para timeframe 3600s
2026-03-03 14:41:53 | INFO     |                 |        |      | services.data_collector.realtime:_load_history_to_buffer:2612 | [OK] [USDJPY_otc] 1 candles carregados para timeframe 14400s
2026-03-03 14:41:53 | INFO     |                 |        |      | services.data_collector.realtime:_load_history_to_buffer:2612 | [OK] [USDJPY_otc] 1 candles carregados para timeframe 86400s
2026-03-03 14:41:53 | INFO     |                 |        |      | services.data_collector.realtime:_load_history_to_buffer:2614 | [OK] [USDJPY_otc] Dados históricos carregados no buffer para todos os timeframes
2026-03-03 14:41:53 | DEBUG    |                 |        |      | services.pocketoption.keep_alive:_process_message:711 | [OK] History data received (bytes) - asset=USDJPY_otc, candles=1503
2026-03-03 14:41:53 | DEBUG    |                 |        |      | services.data_collector.realtime:_subscribe_asset:1120 | [OK] Inscrevendo em EURRUB_otc
2026-03-03 14:41:53 | DEBUG    |                 |        |      | services.data_collector.realtime:_request_historical_data:1142 | [OK] Dados históricos solicitados para EURRUB_otc
2026-03-03 14:41:53 | DEBUG    |                 |        |      | services.pocketoption.keep_alive:_process_message:868 | ⏳ updateHistoryNewFast received (451) - awaiting history data
2026-03-03 14:41:53 | INFO     |                 |        |      | services.data_collector.realtime:_on_ativos_candles_received:2505 | [CHART] [ATIVOS Client 1] Histórico recebido: USDRUB_otc | 1505 candles | período=1s @ 14:41:53
2026-03-03 14:41:53 | DEBUG    |                 |        |      | services.data_collector.local_storage:_append_to_file_batch:175 | [OK] [USDRUB_otc] Adicionados 1505 ticks via append
2026-03-03 14:41:53 | INFO     |                 |        |      | services.data_collector.realtime:_load_history_to_buffer:2612 | [OK] [USDRUB_otc] 246 candles carregados para timeframe 3s
2026-03-03 14:41:53 | INFO     |                 |        |      | services.data_collector.realtime:_load_history_to_buffer:2612 | [OK] [USDRUB_otc] 147 candles carregados para timeframe 5s
2026-03-03 14:41:53 | INFO     |                 |        |      | services.data_collector.realtime:_load_history_to_buffer:2612 | [OK] [USDRUB_otc] 25 candles carregados para timeframe 30s
2026-03-03 14:41:53 | INFO     |                 |        |      | services.data_collector.realtime:_load_history_to_buffer:2612 | [OK] [USDRUB_otc] 13 candles carregados para timeframe 60s
2026-03-03 14:41:53 | INFO     |                 |        |      | services.data_collector.realtime:_load_history_to_buffer:2612 | [OK] [USDRUB_otc] 4 candles carregados para timeframe 300s
2026-03-03 14:41:53 | INFO     |                 |        |      | services.data_collector.realtime:_load_history_to_buffer:2612 | [OK] [USDRUB_otc] 2 candles carregados para timeframe 900s
2026-03-03 14:41:53 | INFO     |                 |        |      | services.data_collector.realtime:_load_history_to_buffer:2612 | [OK] [USDRUB_otc] 1 candles carregados para timeframe 3600s
2026-03-03 14:41:53 | INFO     |                 |        |      | services.data_collector.realtime:_load_history_to_buffer:2612 | [OK] [USDRUB_otc] 1 candles carregados para timeframe 14400s
2026-03-03 14:41:53 | INFO     |                 |        |      | services.data_collector.realtime:_load_history_to_buffer:2612 | [OK] [USDRUB_otc] 1 candles carregados para timeframe 86400s
2026-03-03 14:41:53 | INFO     |                 |        |      | services.data_collector.realtime:_load_history_to_buffer:2614 | [OK] [USDRUB_otc] Dados históricos carregados no buffer para todos os timeframes
2026-03-03 14:41:53 | DEBUG    |                 |        |      | services.pocketoption.keep_alive:_process_message:711 | [OK] History data received (bytes) - asset=USDRUB_otc, candles=1505
2026-03-03 14:41:54 | DEBUG    |                 |        |      | services.data_collector.realtime:_subscribe_asset:1120 | [OK] Inscrevendo em EURTRY_otc
2026-03-03 14:41:54 | DEBUG    |                 |        |      | services.data_collector.realtime:_request_historical_data:1142 | [OK] Dados históricos solicitados para EURTRY_otc
2026-03-03 14:41:54 | DEBUG    |                 |        |      | services.pocketoption.keep_alive:_process_message:868 | ⏳ updateHistoryNewFast received (451) - awaiting history data
2026-03-03 14:41:54 | INFO     |                 |        |      | services.data_collector.realtime:_on_ativos_candles_received:2505 | [CHART] [ATIVOS Client 1] Histórico recebido: EURRUB_otc | 1510 candles | período=1s @ 14:41:54
2026-03-03 14:41:54 | DEBUG    |                 |        |      | services.data_collector.local_storage:_append_to_file_batch:175 | [OK] [EURRUB_otc] Adicionados 1510 ticks via append
2026-03-03 14:41:54 | INFO     |                 |        |      | services.data_collector.realtime:_load_history_to_buffer:2612 | [OK] [EURRUB_otc] 247 candles carregados para timeframe 3s
2026-03-03 14:41:54 | INFO     |                 |        |      | services.data_collector.realtime:_load_history_to_buffer:2612 | [OK] [EURRUB_otc] 148 candles carregados para timeframe 5s
2026-03-03 14:41:54 | INFO     |                 |        |      | services.data_collector.realtime:_load_history_to_buffer:2612 | [OK] [EURRUB_otc] 25 candles carregados para timeframe 30s
2026-03-03 14:41:54 | INFO     |                 |        |      | services.data_collector.realtime:_load_history_to_buffer:2612 | [OK] [EURRUB_otc] 13 candles carregados para timeframe 60s
2026-03-03 14:41:54 | INFO     |                 |        |      | services.data_collector.realtime:_load_history_to_buffer:2612 | [OK] [EURRUB_otc] 4 candles carregados para timeframe 300s
2026-03-03 14:41:54 | INFO     |                 |        |      | services.data_collector.realtime:_load_history_to_buffer:2612 | [OK] [EURRUB_otc] 2 candles carregados para timeframe 900s
2026-03-03 14:41:54 | INFO     |                 |        |      | services.data_collector.realtime:_load_history_to_buffer:2612 | [OK] [EURRUB_otc] 1 candles carregados para timeframe 3600s
2026-03-03 14:41:54 | INFO     |                 |        |      | services.data_collector.realtime:_load_history_to_buffer:2612 | [OK] [EURRUB_otc] 1 candles carregados para timeframe 14400s
2026-03-03 14:41:54 | INFO     |                 |        |      | services.data_collector.realtime:_load_history_to_buffer:2612 | [OK] [EURRUB_otc] 1 candles carregados para timeframe 86400s
2026-03-03 14:41:54 | INFO     |                 |        |      | services.data_collector.realtime:_load_history_to_buffer:2614 | [OK] [EURRUB_otc] Dados históricos carregados no buffer para todos os timeframes
2026-03-03 14:41:54 | DEBUG    |                 |        |      | services.pocketoption.keep_alive:_process_message:711 | [OK] History data received (bytes) - asset=EURRUB_otc, candles=1510
2026-03-03 14:41:54 | INFO     |                 |        |      | services.data_collector.realtime:_periodic_assets_update:579 | Reconectando payout para obter dados atualizados...
2026-03-03 14:41:54 | INFO     |                 |        |      | services.pocketoption.client:disconnect:403 | Disconnecting from PocketOption...
2026-03-03 14:41:54 | INFO     |                 |        |      | services.pocketoption.keep_alive:stop_persistent_connection:93 | Stopping persistent connection...
2026-03-03 14:41:54 | SUCCESS  |                 |        |      | services.data_collector.realtime:_subscribe_account_assets:1095 | [OK] 10 assets inscritos na ATIVOS Client 1
2026-03-03 14:41:54 | SUCCESS  |                 |        |      | services.data_collector.realtime:_start_ativos_monitoring:1055 | Monitoramento de ativos iniciado com 1 contas
2026-03-03 14:41:54 | INFO     |                 |        |      | services.data_collector.realtime:start:477 | [WATCHDOG] Watchdog de conexões de ativos iniciado
2026-03-03 14:41:54 | INFO     |                 |        |      | api.main:lifespan:277 | ✅ Data collector service started
2026-03-03 14:41:54 | INFO     |                 |        |      | services.notifications.telegram_v2:_start_queue_processor:145 | [TelegramV2] Processador de fila iniciado
2026-03-03 14:41:54 | INFO     |                 |        |      | services.notifications.telegram_v2:start:151 | [TelegramV2] Processador de fila iniciado via start()
2026-03-03 14:41:54 | INFO     |                 |        |      | api.main:lifespan:286 | ✅ Telegram notification service started
2026-03-03 14:41:54 | INFO     |                 |        |      | services.data_collector.realtime:_ativos_monitoring_loop:2987 | Loop de monitoramento de ativos iniciado
2026-03-03 14:41:54 | INFO     |                 |        |      | services.data_collector.realtime:_client_connection_watchdog:3013 | [WATCHDOG] Iniciando watchdog de conexões de ativos...
2026-03-03 14:41:54 | INFO     |                 |        |      | services.data_collector.realtime:_add_tick_to_buffer:2893 | [INFO] [ATIVOS Client 1] 7 ticks | AUDCHF_otc | EURUSD_otc | CADCHF_otc | CADJPY_otc | NZDUSD_otc | USDCAD_otc | USDJPY_otc @ 16:41:53
2026-03-03 14:41:54 | DEBUG    |                 |        |      | services.pocketoption.keep_alive:_process_message:868 | ⏳ updateHistoryNewFast received (451) - awaiting history data
2026-03-03 14:41:54 | INFO     |                 |        |      | services.data_collector.realtime:_on_ativos_candles_received:2505 | [CHART] [ATIVOS Client 1] Histórico recebido: EURTRY_otc | 1523 candles | período=1s @ 14:41:54
2026-03-03 14:41:54 | DEBUG    |                 |        |      | services.data_collector.local_storage:_append_to_file_batch:175 | [OK] [EURTRY_otc] Adicionados 1523 ticks via append
2026-03-03 14:41:54 | INFO     |                 |        |      | services.data_collector.realtime:_load_history_to_buffer:2612 | [OK] [EURTRY_otc] 249 candles carregados para timeframe 3s
2026-03-03 14:41:54 | INFO     |                 |        |      | services.data_collector.realtime:_load_history_to_buffer:2612 | [OK] [EURTRY_otc] 149 candles carregados para timeframe 5s
2026-03-03 14:41:54 | INFO     |                 |        |      | services.data_collector.realtime:_load_history_to_buffer:2612 | [OK] [EURTRY_otc] 25 candles carregados para timeframe 30s
2026-03-03 14:41:54 | INFO     |                 |        |      | services.data_collector.realtime:_load_history_to_buffer:2612 | [OK] [EURTRY_otc] 13 candles carregados para timeframe 60s
2026-03-03 14:41:54 | INFO     |                 |        |      | services.data_collector.realtime:_load_history_to_buffer:2612 | [OK] [EURTRY_otc] 4 candles carregados para timeframe 300s
2026-03-03 14:41:54 | INFO     |                 |        |      | services.data_collector.realtime:_load_history_to_buffer:2612 | [OK] [EURTRY_otc] 2 candles carregados para timeframe 900s
2026-03-03 14:41:54 | INFO     |                 |        |      | services.data_collector.realtime:_load_history_to_buffer:2612 | [OK] [EURTRY_otc] 1 candles carregados para timeframe 3600s
2026-03-03 14:41:54 | INFO     |                 |        |      | services.data_collector.realtime:_load_history_to_buffer:2612 | [OK] [EURTRY_otc] 1 candles carregados para timeframe 14400s
2026-03-03 14:41:54 | INFO     |                 |        |      | services.data_collector.realtime:_load_history_to_buffer:2612 | [OK] [EURTRY_otc] 1 candles carregados para timeframe 86400s
2026-03-03 14:41:54 | INFO     |                 |        |      | services.data_collector.realtime:_load_history_to_buffer:2614 | [OK] [EURTRY_otc] Dados históricos carregados no buffer para todos os timeframes
2026-03-03 14:41:54 | INFO     |                 |        |      | services.data_collector.realtime:_on_ativos_candles_received:2529 | [INFO] [ATIVOS Client 1] 10 históricos recebidos: EURUSD_otc | AUDCHF_otc | CADCHF_otc | CADJPY_otc | NZDUSD_otc | USDCAD_otc | USDJPY_otc | USDRUB_otc | EURRUB_otc | EURTRY_otc | Total: 15047 candles
2026-03-03 14:41:54 | DEBUG    |                 |        |      | services.pocketoption.keep_alive:_process_message:711 | [OK] History data received (bytes) - asset=EURTRY_otc, candles=1523
2026-03-03 14:41:54 | INFO     |                 |        |      | services.pocketoption.keep_alive:stop_persistent_connection:165 | Persistent connection stopped
2026-03-03 14:41:54 | INFO     |                 |        |      | services.ws_connection_logger:close:257 | [WS LOGGER] Log fechado: logs\ws\PAYOUT_Monitor_keep_alive_keep_alive_3669e2464563_20260303_144142.log
2026-03-03 14:41:54 | INFO     |                 |        |      | services.data_collector.realtime:_periodic_assets_update:584 | [OK] Payout desconectado
2026-03-03 14:41:54 | DEBUG    |                 |        |      | services.data_collector.realtime:_log_candle_closes_loop:2441 | ⏭️ Timeframe 3s não configurado, ignorando
2026-03-03 14:41:55 | INFO     |                 |        |      | services.data_collector.realtime:_add_tick_to_buffer:2893 | [INFO] [ATIVOS Client 1] 10 ticks | AUDCHF_otc | EURUSD_otc | CADCHF_otc | CADJPY_otc | NZDUSD_otc | USDCAD_otc | USDJPY_otc | USDRUB_otc | EURRUB_otc | EURTRY_otc @ 16:41:54
2026-03-03 14:41:56 | DEBUG    |                 |        |      | services.data_collector.realtime:_log_candle_closes_loop:2441 | ⏭️ Timeframe 5s não configurado, ignorando
2026-03-03 14:41:56 | INFO     |                 |        |      | services.data_collector.realtime:_add_tick_to_buffer:2893 | [INFO] [ATIVOS Client 1] 10 ticks | AUDCHF_otc | EURUSD_otc | CADCHF_otc | CADJPY_otc | NZDUSD_otc | USDCAD_otc | USDJPY_otc | USDRUB_otc | EURRUB_otc | EURTRY_otc @ 16:41:55
2026-03-03 14:41:56 | DEBUG    |                 |        |      | services.pocketoption.client:connect:170 | Connecting to PocketOption...
2026-03-03 14:41:56 | DEBUG    |                 |        |      | services.pocketoption.client:_start_persistent_connection:276 | Starting persistent connection with automatic keep-alive...
2026-03-03 14:41:56 | DEBUG    |                 |        |      | services.pocketoption.keep_alive:__init__:69 | Initialized keep-alive manager with 2 available regions
2026-03-03 14:41:56 | DEBUG    |                 |        |      | services.pocketoption.keep_alive:start_persistent_connection:75 | Starting persistent connection with keep-alive...
2026-03-03 14:41:56 | INFO     |                 |        |      | services.ws_connection_logger:_create_log_file:80 | [WS LOGGER] Usando arquivo de log existente: logs\ws\PAYOUT_Monitor_keep_alive_keep_alive_3669e2464563_20260303_144142.log
2026-03-03 14:41:56 | INFO     |                 |        |      | services.pocketoption.keep_alive:_establish_connection:210 | [CONNECT] Connecting: Attempting connection to wss://demo-api-eu.po.market/socket.io/?EIO=4&transport=websocket (attempt 1/2)
2026-03-03 14:41:56 | INFO     |                 |        |      | services.data_collector.realtime:_client_connection_watchdog:3068 | [WATCHDOG] Watchdog de conexões cancelado
2026-03-03 14:41:56 | INFO     |                 |        |      | services.data_collector.realtime:_client_connection_watchdog:3076 | [WATCHDOG] Watchdog de conexões encerrado
2026-03-03 14:41:56 | INFO     |                 |        |      | services.data_collector.realtime:_ativos_monitoring_loop:3001 | Loop de monitoramento de ativos cancelado
2026-03-03 14:41:56 | INFO     |                 |        |      | services.data_collector.realtime:_ativos_monitoring_loop:3009 | Loop de monitoramento de ativos encerrado
2026-03-03 14:41:56 | INFO     |                 |        |      | services.data_collector.realtime:_periodic_assets_update:611 | Tarefa periódica de atualização de assets cancelada
2026-03-03 14:41:56 | INFO     |                 |        |      | services.data_collector.realtime:_log_candle_closes_loop:2467 | Tarefa de log de fechamentos cancelada
2026-03-03 14:41:56 | INFO     |                 |        |      | services.notifications.telegram_v2:_process_message_queue:186 | [TelegramV2] Processador de fila cancelado
2026-03-03 14:41:56 | INFO     |                 |        |      | services.data_collector.connection_manager:_monitor_loop:886 | Loop cancelado (CancelledError)
2026-03-03 14:41:56 | INFO     |                 |        |      | services.data_collector.connection_manager:_monitor_loop:902 | Loop de monitoramento de conexões encerrado
