2026-03-06 14:27:20 | ERROR    |                 |        |      | services.performance_monitor:record_db_query:715 | [DB ERROR] Query select falhou: (sqlalchemy.dialects.postgresql.asyncpg.Error) <class 'asyncpg.exceptions.DataError'>: invalid input for query argument $6: datetime.datetime(2026, 3, 6, 14, 27, 20... (can't subtract offset-naive and offset-aware datetimes)
[SQL: UPDATE autotrade_configs SET is_active=$1::BOOLEAN, soros_level=$2::INTEGER, martingale_level=$3::INTEGER, loss_consecutive=$4::INTEGER, win_consecutive=$5::INTEGER, updated_at=$6::TIMESTAMP WITHOUT TIME ZONE WHERE autotrade_configs.id IN ($7::VARCHAR)]
[parameters: (False, 0, 0, 0, 0, datetime.datetime(2026, 3, 6, 14, 27, 20, 493388, tzinfo=zoneinfo.ZoneInfo(key='America/Sao_Paulo')), 'e9bf55da-6182-4b1f-8241-f640f40f8ca6')]
(Background on this error at: https://sqlalche.me/e/20/dbapi)
2026-03-06 14:27:20 | ERROR    |                 |        |      | api.routers.admin:update_user_account_mode:1154 | ✗ [ADMIN] Erro ao atualizar modo da conta: (sqlalchemy.dialects.postgresql.asyncpg.Error) <class 'asyncpg.exceptions.DataError'>: invalid input for query argument $6: datetime.datetime(2026, 3, 6, 14, 27, 20... (can't subtract offset-naive and offset-aware datetimes)
[SQL: UPDATE autotrade_configs SET is_active=$1::BOOLEAN, soros_level=$2::INTEGER, martingale_level=$3::INTEGER, loss_consecutive=$4::INTEGER, win_consecutive=$5::INTEGER, updated_at=$6::TIMESTAMP WITHOUT TIME ZONE WHERE autotrade_configs.id IN ($7::VARCHAR)]
[parameters: (False, 0, 0, 0, 0, datetime.datetime(2026, 3, 6, 14, 27, 20, 493388, tzinfo=zoneinfo.ZoneInfo(key='America/Sao_Paulo')), 'e9bf55da-6182-4b1f-8241-f640f40f8ca6')]
(Background on this error at: https://sqlalche.me/e/20/dbapi)
2026-03-06 14:27:36 | ERROR    |                 |        |      | services.performance_monitor:record_db_query:715 | [DB ERROR] Query select falhou: (sqlalchemy.dialects.postgresql.asyncpg.Error) <class 'asyncpg.exceptions.DataError'>: invalid input for query argument $6: datetime.datetime(2026, 3, 6, 14, 27, 36... (can't subtract offset-naive and offset-aware datetimes)
[SQL: UPDATE autotrade_configs SET is_active=$1::BOOLEAN, soros_level=$2::INTEGER, martingale_level=$3::INTEGER, loss_consecutive=$4::INTEGER, win_consecutive=$5::INTEGER, updated_at=$6::TIMESTAMP WITHOUT TIME ZONE WHERE autotrade_configs.id IN ($7::VARCHAR)]
[parameters: (False, 0, 0, 0, 0, datetime.datetime(2026, 3, 6, 14, 27, 36, 413916, tzinfo=zoneinfo.ZoneInfo(key='America/Sao_Paulo')), '80ef0dfc-fab4-4135-8c7f-d7f2b4704250')]
(Background on this error at: https://sqlalche.me/e/20/dbapi)
2026-03-06 14:27:36 | ERROR    |                 |        |      | api.routers.admin:update_user_account_mode:1154 | ✗ [ADMIN] Erro ao atualizar modo da conta: (sqlalchemy.dialects.postgresql.asyncpg.Error) <class 'asyncpg.exceptions.DataError'>: invalid input for query argument $6: datetime.datetime(2026, 3, 6, 14, 27, 36... (can't subtract offset-naive and offset-aware datetimes)
[SQL: UPDATE autotrade_configs SET is_active=$1::BOOLEAN, soros_level=$2::INTEGER, martingale_level=$3::INTEGER, loss_consecutive=$4::INTEGER, win_consecutive=$5::INTEGER, updated_at=$6::TIMESTAMP WITHOUT TIME ZONE WHERE autotrade_configs.id IN ($7::VARCHAR)]
[parameters: (False, 0, 0, 0, 0, datetime.datetime(2026, 3, 6, 14, 27, 36, 413916, tzinfo=zoneinfo.ZoneInfo(key='America/Sao_Paulo')), '80ef0dfc-fab4-4135-8c7f-d7f2b4704250')]
(Background on this error at: https://sqlalche.me/e/20/dbapi)
2026-03-06 14:27:40 | ERROR    |                 |        |      | services.performance_monitor:record_db_query:715 | [DB ERROR] Query select falhou: (sqlalchemy.dialects.postgresql.asyncpg.Error) <class 'asyncpg.exceptions.DataError'>: invalid input for query argument $6: datetime.datetime(2026, 3, 6, 14, 27, 40... (can't subtract offset-naive and offset-aware datetimes)
[SQL: UPDATE autotrade_configs SET is_active=$1::BOOLEAN, soros_level=$2::INTEGER, martingale_level=$3::INTEGER, loss_consecutive=$4::INTEGER, win_consecutive=$5::INTEGER, updated_at=$6::TIMESTAMP WITHOUT TIME ZONE WHERE autotrade_configs.id IN ($7::VARCHAR)]
[parameters: (False, 0, 0, 0, 0, datetime.datetime(2026, 3, 6, 14, 27, 40, 990261, tzinfo=zoneinfo.ZoneInfo(key='America/Sao_Paulo')), '80ef0dfc-fab4-4135-8c7f-d7f2b4704250')]
(Background on this error at: https://sqlalche.me/e/20/dbapi)
2026-03-06 14:27:40 | ERROR    |                 |        |      | api.routers.admin:update_user_account_mode:1154 | ✗ [ADMIN] Erro ao atualizar modo da conta: (sqlalchemy.dialects.postgresql.asyncpg.Error) <class 'asyncpg.exceptions.DataError'>: invalid input for query argument $6: datetime.datetime(2026, 3, 6, 14, 27, 40... (can't subtract offset-naive and offset-aware datetimes)
[SQL: UPDATE autotrade_configs SET is_active=$1::BOOLEAN, soros_level=$2::INTEGER, martingale_level=$3::INTEGER, loss_consecutive=$4::INTEGER, win_consecutive=$5::INTEGER, updated_at=$6::TIMESTAMP WITHOUT TIME ZONE WHERE autotrade_configs.id IN ($7::VARCHAR)]
[parameters: (False, 0, 0, 0, 0, datetime.datetime(2026, 3, 6, 14, 27, 40, 990261, tzinfo=zoneinfo.ZoneInfo(key='America/Sao_Paulo')), '80ef0dfc-fab4-4135-8c7f-d7f2b4704250')]
(Background on this error at: https://sqlalche.me/e/20/dbapi)
2026-03-06 14:28:07 | ERROR    |                 |        |      | services.performance_monitor:record_db_query:715 | [DB ERROR] Query select falhou: (sqlalchemy.dialects.postgresql.asyncpg.Error) <class 'asyncpg.exceptions.DataError'>: invalid input for query argument $6: datetime.datetime(2026, 3, 6, 14, 28, 7,... (can't subtract offset-naive and offset-aware datetimes)
[SQL: UPDATE autotrade_configs SET is_active=$1::BOOLEAN, soros_level=$2::INTEGER, martingale_level=$3::INTEGER, loss_consecutive=$4::INTEGER, win_consecutive=$5::INTEGER, updated_at=$6::TIMESTAMP WITHOUT TIME ZONE WHERE autotrade_configs.id IN ($7::VARCHAR)]
[parameters: (False, 0, 0, 0, 0, datetime.datetime(2026, 3, 6, 14, 28, 7, 38338, tzinfo=zoneinfo.ZoneInfo(key='America/Sao_Paulo')), 'e9bf55da-6182-4b1f-8241-f640f40f8ca6')]
(Background on this error at: https://sqlalche.me/e/20/dbapi)
2026-03-06 14:28:07 | ERROR    |                 |        |      | api.routers.admin:update_user_account_mode:1154 | ✗ [ADMIN] Erro ao atualizar modo da conta: (sqlalchemy.dialects.postgresql.asyncpg.Error) <class 'asyncpg.exceptions.DataError'>: invalid input for query argument $6: datetime.datetime(2026, 3, 6, 14, 28, 7,... (can't subtract offset-naive and offset-aware datetimes)
[SQL: UPDATE autotrade_configs SET is_active=$1::BOOLEAN, soros_level=$2::INTEGER, martingale_level=$3::INTEGER, loss_consecutive=$4::INTEGER, win_consecutive=$5::INTEGER, updated_at=$6::TIMESTAMP WITHOUT TIME ZONE WHERE autotrade_configs.id IN ($7::VARCHAR)]
[parameters: (False, 0, 0, 0, 0, datetime.datetime(2026, 3, 6, 14, 28, 7, 38338, tzinfo=zoneinfo.ZoneInfo(key='America/Sao_Paulo')), 'e9bf55da-6182-4b1f-8241-f640f40f8ca6')]
(Background on this error at: https://sqlalche.me/e/20/dbapi)
2026-03-06 14:29:24 | ERROR    |                 |        |      | services.pocketoption.keep_alive:send_message:1010 | Failed to send message: received 1005 (no status received [internal]); then sent 1005 (no status received [internal])
2026-03-06 14:29:52 | ERROR    |                 |        |      | services.pocketoption.keep_alive:_establish_connection:331 | ❌ Failed to connect to all 2 available URLs
2026-03-06 14:29:52 | ERROR    |                 |        |      | services.pocketoption.keep_alive:_establish_connection:333 | Last error: TimeoutError: 
2026-03-06 14:29:52 | ERROR    |                 |        |      | services.pocketoption.keep_alive:start_persistent_connection:82 | Failed to establish initial connection
2026-03-06 14:29:52 | ERROR    |                 |        |      | services.pocketoption.client:_start_persistent_connection:332 | Failed to establish persistent connection
2026-03-06 14:29:52 | ERROR    |                 |        |      | services.data_collector.realtime:_reconnect_client_with_retry:3166 | [RECONNECT] ❌ ATIVOS Client 1: Falha na reconexão
